<?xml version="1.0" encoding="UTF-8"?>
<testsuite xmlns:xsi="http://www.w3.org/2001/XMLSchema-instance" xsi:noNamespaceSchemaLocation="https://maven.apache.org/surefire/maven-surefire-plugin/xsd/surefire-test-report-3.0.xsd" version="3.0" name="StatutFactureTest" time="0.048" tests="3" errors="0" skipped="0" failures="0">
  <properties>
[...]
</properties>
  <testcase name="testStatutPaiementTotal" classname="StatutFactureTest" time="0.048"/>
  <testcase name="testStatutPaiementPartiel" classname="StatutFactureTest" time="0.0"/>
  <testcase name="testStatutAucunPaiement" classname="StatutFactureTest" time="0.0"/>
</testsuite>